<?xml version="1.0" encoding="UTF-8"?>
<!-- Generated by org.testng.reporters.JUnitXMLReporter -->
<testsuite ignored="3" hostname="Salenium-03" failures="0" tests="4" name="test-1" time="115.802" errors="0" timestamp="2022-10-08T20:15:37 GMT-07:00">
  <testcase classname="com.webOrder.common.WebOrder_BaseSetup" name="@AfterMethod tearDown" time="0.013">
    <failure type="java.lang.NullPointerException" message="Cannot invoke &amp;quot;com.aventstack.extentreports.ExtentTest.log(com.aventstack.extentreports.Status, com.aventstack.extentreports.markuputils.Markup)&amp;quot; because &amp;quot;com.webOrder.common.WebOrder_BaseSetup.test&amp;quot; is null">
      <![CDATA[java.lang.NullPointerException: Cannot invoke "com.aventstack.extentreports.ExtentTest.log(com.aventstack.extentreports.Status, com.aventstack.extentreports.markuputils.Markup)" because "com.webOrder.common.WebOrder_BaseSetup.test" is null
at com.webOrder.common.WebOrder_BaseSetup.tearDown(WebOrder_BaseSetup.java:152)
at java.base/java.util.ArrayList.forEach(ArrayList.java:1511)
... Removed 32 stack frames]]>
    </failure>
  </testcase> <!-- @AfterMethod tearDown -->
  <testcase classname="com.webOrder.common.WebOrder_BaseSetup" name="@AfterClass tearDown" time="-1.665285278834E9">
    <skipped/>
  </testcase> <!-- @AfterClass tearDown -->
  <testcase classname="com.webOrder.test.WebOrder_EditOrder" name="createOrder" time="37.986"/>
  <testcase classname="com.webOrder.test.WebOrder_List_of_Orders" name="verify_orders" time="4.254"/>
  <testcase classname="com.webOrder.test.ListOfProducts" name="verifyAllProduct" time="3.452"/>
  <testcase classname="com.webOrder.test.Weborder_create" name="createOrder" time="6.511"/>
  <testcase classname="com.webOrder.common.WebOrder_BaseSetup" name="@BeforeTest SetUp" time="0.0">
    <ignored/>
  </testcase> <!-- @BeforeTest SetUp -->
  <testcase classname="com.webOrder.common.WebOrder_BaseSetup" name="@BeforeTest SetUp" time="0.0">
    <ignored/>
  </testcase> <!-- @BeforeTest SetUp -->
  <testcase classname="com.webOrder.common.WebOrder_BaseSetup" name="@BeforeTest SetUp" time="0.0">
    <ignored/>
  </testcase> <!-- @BeforeTest SetUp -->
</testsuite> <!-- test-1 -->
