<?xml version="1.0" encoding="UTF-8"?>
<!-- Generated by org.testng.reporters.JUnitReportReporter -->
<testsuite hostname="Salenium-03" failures="0" tests="1" name="com.webOrder.test.ListOfProducts" time="3.453" errors="0" timestamp="2022-10-08T20:15:38 GMT-07:00" skipped="0">
  <testcase classname="com.webOrder.test.ListOfProducts" name="verifyAllProduct" time="3.453"/>
  <system-out/>
</testsuite> <!-- com.webOrder.test.ListOfProducts -->
